[       4ms] [WARNING] document.domain mutation is ignored because the surrounding agent cluster is origin-keyed. @ https://tanatloke.medium.com/:52
[     118ms] [LOG] 
    :#@@@@@@@@@@@@@@@@@@@@@@@@@@@@@@@@@@@@@@@@@@@*:
   :#@@@@@@@@@@@@@@@@@@@@@@@@@@@@@@@@@@@@@@@@@@@@@@@+
  #@@@@@@@@@@@@@@@@@@@@@@@@@@@@@@@@@@@@@@@@@@@@@@@@@@@+
  %@@@@@@@@@#-:::::::%@@@@@@@@@@@@@@-::::::=#@@@@@@@@@+
  %@@@@@@@@@@@:.    .:@@@@@@@@@@@@@+..    -@@@@@@@@@@@+
  %@@@@@@@@@@@:...   .-@@@@@@@@@@@#.-.    =@@@@@@@@@@@+
  %@@@@@@@@@@@:=-..   .*@@@@@@@@@@:=+.    =@@@@@@@@@@%+
  %@@@@@@@@@@@:=@:..   .%@@@@@@@@::@+.    =@@@@@@*:.:-:
  %@@@@@@@@@@@:=@@..    .@@@@@@@=.@@*.    =@@@@=...%@@+
  %@@@@@@@@@@@:=@@#..   .:@@@@@*.%@@*.    =@@@:...*@@@+
  %@@@@@@@@@@@:=@@@+.    .=@@@%.*@@@*.    =@@=....@@@@+
  %@@@@@@@@@@@:=@@@@-..   .*@@:=@@@@*.   .=@@.. ..++++-
  %@@@@@@@@@@@:=@@@@@:..   .%-:@@@@@*.   .=@#.   -@@@@+
  %@@@@@@@@@@@:=@@@@@%..     .@@@@@@*.   .=@#.. ..%@@@+
  %@@@@@@@@@@@:=@@@@@@*..   .%@@@@@@*.   .=@@:.  .:@@@+
  %@@@@@@@@@@@:=@@@@@@@=.. .*@@@@@@@*.   .=@@+... ..+@+
  %@@@@@@@@@@@:=@@@@@@@@:..-@@@@@@@@*.   .=@@@=..   ...
  %@@@@@@@@@@#.:%@@@@@@@@.:@@@@@@@@@-.....:%@@@*:.... 
  %@@@@@@@@@*****#@@@@@@@%@@@@@@@@#+++++++++*@@@@%+-:::
  #@@@@@@@@@@@@@@@@@@@@@@@@@@@@@@@@@@@@@@@@@@@@@@@@@@@+
  *@@@@@@@@@@@@@@@@@@@@@@@@@@@@@@@@@@@@@@@@@@@@@@@@@@@=
     :#@@@@@@@@@@@@@@@@@@@@@@@@@@@@@@@@@@@@@@@@@@@*:
 @ https://cdn-client.medium.com/lite/static/js/main.ad6f4b0a.js:1
[     118ms] [LOG] We're hiring! https://medium.com/jobs-at-medium/work-at-medium-959d1a85284e @ https://cdn-client.medium.com/lite/static/js/main.ad6f4b0a.js:1
